<?xml version="1.0" encoding="UTF-8"?>
<!-- Generated by org.testng.reporters.JUnitReportReporter -->
<testsuite hostname="DESKTOP-BBN4TQ6" failures="0" tests="1" name="TestCases.HomePageTest" time="2.101" errors="0" timestamp="2022-09-06T16:17:08 EDT" skipped="0">
  <testcase classname="TestCases.HomePageTest" name="searchBox_enterValidItemTest" time="2.101"/>
  <system-out/>
</testsuite> <!-- TestCases.HomePageTest -->
